
> trafficsocket@1.0.0 dev
> export NODE_ENV=development && nodemon index.js

[33m[nodemon] 3.0.1[39m
[33m[nodemon] to restart at any time, enter `rs`[39m
[33m[nodemon] watching path(s): *.*[39m
[33m[nodemon] watching extensions: js,mjs,cjs,json[39m
[32m[nodemon] starting `node index.js`[39m
node:internal/modules/esm/resolve:274
    throw new ERR_MODULE_NOT_FOUND(
          ^

Error [ERR_MODULE_NOT_FOUND]: Cannot find module '/home/spark/devel/ion/TrafficSocket/callbacks/analysis.mjs' imported from /home/spark/devel/ion/TrafficSocket/index.js
    at finalizeResolution (node:internal/modules/esm/resolve:274:11)
    at moduleResolve (node:internal/modules/esm/resolve:864:10)
    at defaultResolve (node:internal/modules/esm/resolve:990:11)
    at #cachedDefaultResolve (node:internal/modules/esm/loader:712:20)
    at #resolveAndMaybeBlockOnLoaderThread (node:internal/modules/esm/loader:729:38)
    at ModuleLoader.resolveSync (node:internal/modules/esm/loader:758:52)
    at #resolve (node:internal/modules/esm/loader:694:17)
    at ModuleLoader.getOrCreateModuleJob (node:internal/modules/esm/loader:614:35)
    at ModuleJob.syncLink (node:internal/modules/esm/module_job:143:33)
    at ModuleJob.link (node:internal/modules/esm/module_job:228:17) {
  code: 'ERR_MODULE_NOT_FOUND',
  url: 'file:///home/spark/devel/ion/TrafficSocket/callbacks/analysis.mjs'
}

Node.js v25.2.1
[31m[nodemon] app crashed - waiting for file changes before starting...[39m
